0 info it worked if it ends with ok
1 verbose cli [ '/usr/bin/node', '/usr/bin/npm', 'run', 'test:debug' ]
2 info using npm@3.5.2
3 info using node@v8.10.0
4 verbose run-script [ 'pretest:debug', 'test:debug', 'posttest:debug' ]
5 info lifecycle weather-api@1.0.0~pretest:debug: weather-api@1.0.0
6 silly lifecycle weather-api@1.0.0~pretest:debug: no script for pretest:debug, continuing
7 info lifecycle weather-api@1.0.0~test:debug: weather-api@1.0.0
8 verbose lifecycle weather-api@1.0.0~test:debug: unsafe-perm in lifecycle true
9 verbose lifecycle weather-api@1.0.0~test:debug: PATH: /usr/share/npm/bin/node-gyp-bin:/home/tomasz/Workspace/weather-api/node_modules/.bin:/usr/local/sbin:/usr/local/bin:/usr/sbin:/usr/bin:/sbin:/bin:/usr/games:/usr/local/games:/snap/bin
10 verbose lifecycle weather-api@1.0.0~test:debug: CWD: /home/tomasz/Workspace/weather-api
11 silly lifecycle weather-api@1.0.0~test:debug: Args: [ '-c',
11 silly lifecycle   'mocha --inspect-brk -r ts-node/register src/**/*.spec.ts' ]
12 silly lifecycle weather-api@1.0.0~test:debug: Returned: code: 134  signal: null
13 info lifecycle weather-api@1.0.0~test:debug: Failed to exec test:debug script
14 verbose stack Error: weather-api@1.0.0 test:debug: `mocha --inspect-brk -r ts-node/register src/**/*.spec.ts`
14 verbose stack Exit status 134
14 verbose stack     at EventEmitter.<anonymous> (/usr/share/npm/lib/utils/lifecycle.js:232:16)
14 verbose stack     at emitTwo (events.js:126:13)
14 verbose stack     at EventEmitter.emit (events.js:214:7)
14 verbose stack     at ChildProcess.<anonymous> (/usr/share/npm/lib/utils/spawn.js:24:14)
14 verbose stack     at emitTwo (events.js:126:13)
14 verbose stack     at ChildProcess.emit (events.js:214:7)
14 verbose stack     at maybeClose (internal/child_process.js:925:16)
14 verbose stack     at Process.ChildProcess._handle.onexit (internal/child_process.js:209:5)
15 verbose pkgid weather-api@1.0.0
16 verbose cwd /home/tomasz/Workspace/weather-api
17 error Linux 4.15.0-43-generic
18 error argv "/usr/bin/node" "/usr/bin/npm" "run" "test:debug"
19 error node v8.10.0
20 error npm  v3.5.2
21 error code ELIFECYCLE
22 error weather-api@1.0.0 test:debug: `mocha --inspect-brk -r ts-node/register src/**/*.spec.ts`
22 error Exit status 134
23 error Failed at the weather-api@1.0.0 test:debug script 'mocha --inspect-brk -r ts-node/register src/**/*.spec.ts'.
23 error Make sure you have the latest version of node.js and npm installed.
23 error If you do, this is most likely a problem with the weather-api package,
23 error not with npm itself.
23 error Tell the author that this fails on your system:
23 error     mocha --inspect-brk -r ts-node/register src/**/*.spec.ts
23 error You can get information on how to open an issue for this project with:
23 error     npm bugs weather-api
23 error Or if that isn't available, you can get their info via:
23 error     npm owner ls weather-api
23 error There is likely additional logging output above.
24 verbose exit [ 1, true ]
